<?xml version="1.0" encoding="UTF-8"?>
<!-- Generated by org.testng.reporters.JUnitReportReporter -->
<testsuite hostname="MSI" failures="0" tests="4" name="ParkingSpaceReservationTest" time="0.023" errors="0" timestamp="2022-03-27T14:29:24 AMT" skipped="0">
  <testcase classname="ParkingSpaceReservationTest" name="testTransferToFriend" time="0.000"/>
  <system-out/>
  <testcase classname="ParkingSpaceReservationTest" name="testExtendReservation" time="0.001"/>
  <system-out/>
  <testcase classname="ParkingSpaceReservationTest" name="testDeleteReservation" time="0.000"/>
  <system-out/>
  <testcase classname="ParkingSpaceReservationTest" name="testAddReservation" time="0.022"/>
  <system-out/>
</testsuite> <!-- ParkingSpaceReservationTest -->
